<?xml version="1.0" encoding="UTF-8"?>
<!-- Generated by org.testng.reporters.JUnitXMLReporter -->
<testsuite ignored="0" hostname="DivyaDSP" failures="0" tests="4" name="Default test" time="9.078" errors="0" timestamp="2025-08-31T06:41:35 IST">
  <testcase classname="org.test.FramesTest" name="frame1_enterName" time="0.178"/>
  <testcase classname="org.test.FramesTest" name="frame2_enterName_byElement" time="0.145"/>
  <testcase classname="org.test.FramesTest" name="frame3_and_innerFrame_interactions" time="0.315"/>
  <testcase classname="org.test.FramesTest" name="revisit_frame2_and_append" time="0.119"/>
</testsuite> <!-- Default test -->
